  [1m[35m (139.6ms)[0m  [1m[35mCREATE DATABASE "auth_pic_saver_development" ENCODING = 'unicode'[0m
  [1m[35m (59.4ms)[0m  [1m[35mCREATE DATABASE "auth_pic_saver_test" ENCODING = 'unicode'[0m
  [1m[35m (26.8ms)[0m  [1m[35mCREATE TABLE "schema_migrations" ("version" character varying NOT NULL PRIMARY KEY)[0m
  [1m[35m (3.9ms)[0m  [1m[35mCREATE TABLE "ar_internal_metadata" ("key" character varying NOT NULL PRIMARY KEY, "value" character varying, "created_at" timestamp(6) NOT NULL, "updated_at" timestamp(6) NOT NULL)[0m
  [1m[35m (0.6ms)[0m  [1m[34mSELECT pg_try_advisory_lock(5451013671768546210)[0m
  [1m[35m (0.6ms)[0m  [1m[34mSELECT "schema_migrations"."version" FROM "schema_migrations" ORDER BY "schema_migrations"."version" ASC[0m
Migrating to CreateUsers (20200813034459)
  [1m[35m (0.2ms)[0m  [1m[35mBEGIN[0m
  [1m[35m (6.9ms)[0m  [1m[35mCREATE TABLE "users" ("id" bigserial primary key, "username" character varying, "password_digest" character varying, "profile_img" character varying, "created_at" timestamp(6) NOT NULL, "updated_at" timestamp(6) NOT NULL)[0m
  [1m[36mprimary::SchemaMigration Create (0.5ms)[0m  [1m[32mINSERT INTO "schema_migrations" ("version") VALUES ($1) RETURNING "version"[0m  [["version", "20200813034459"]]
  [1m[35m (0.4ms)[0m  [1m[35mCOMMIT[0m
  [1m[36mActiveRecord::InternalMetadata Load (0.4ms)[0m  [1m[34mSELECT "ar_internal_metadata".* FROM "ar_internal_metadata" WHERE "ar_internal_metadata"."key" = $1 LIMIT $2[0m  [["key", "environment"], ["LIMIT", 1]]
  [1m[35m (0.2ms)[0m  [1m[35mBEGIN[0m
  [1m[36mActiveRecord::InternalMetadata Create (1.1ms)[0m  [1m[32mINSERT INTO "ar_internal_metadata" ("key", "value", "created_at", "updated_at") VALUES ($1, $2, $3, $4) RETURNING "key"[0m  [["key", "environment"], ["value", "development"], ["created_at", "2020-08-13 03:47:28.887940"], ["updated_at", "2020-08-13 03:47:28.887940"]]
  [1m[35m (0.4ms)[0m  [1m[35mCOMMIT[0m
  [1m[35m (0.3ms)[0m  [1m[34mSELECT pg_advisory_unlock(5451013671768546210)[0m
  [1m[35m (0.7ms)[0m  [1m[34mSELECT "schema_migrations"."version" FROM "schema_migrations" ORDER BY "schema_migrations"."version" ASC[0m
  [1m[35m (0.3ms)[0m  [1m[35mBEGIN[0m
  [1m[36mUser Create (1.7ms)[0m  [1m[32mINSERT INTO "users" ("username", "password_digest", "profile_img", "created_at", "updated_at") VALUES ($1, $2, $3, $4, $5) RETURNING "id"[0m  [["username", "Peter"], ["password_digest", "$2a$12$1lAB2LOO37afmsaFQRvM4uidJ2Pkqs3MDv7sn4OjQQ.NCDV7FWn.e"], ["profile_img", "spidermanhttps://images.unsplash.com/photo-1521714161819-15534968fc5f?ixlib=rb-1.2.1&ixid=eyJhcHBfaWQiOjEyMDd9&auto=format&fit=crop&w=800&q=60"], ["created_at", "2020-08-13 03:54:25.482560"], ["updated_at", "2020-08-13 03:54:25.482560"]]
  [1m[35m (0.6ms)[0m  [1m[35mCOMMIT[0m
Started GET "/users" for ::1 at 2020-08-12 21:04:06 -0700
  [1m[35m (0.8ms)[0m  [1m[34mSELECT "schema_migrations"."version" FROM "schema_migrations" ORDER BY "schema_migrations"."version" ASC[0m
Processing by UsersController#index as HTML
  [1m[36mUser Load (0.6ms)[0m  [1m[34mSELECT "users".* FROM "users"[0m
  ↳ app/controllers/users_controller.rb:18:in `index'
Completed 200 OK in 17ms (Views: 8.4ms | ActiveRecord: 6.9ms | Allocations: 5859)


Started POST "/users/login?user[username]=Peter&user[password]=[FILTERED]" for ::1 at 2020-08-12 21:04:12 -0700
  
ActionController::RoutingError (uninitialized constant UserController
Did you mean?  UsersController):
  
actionpack (6.0.3.2) lib/action_dispatch/http/request.rb:92:in `rescue in controller_class_for'
actionpack (6.0.3.2) lib/action_dispatch/http/request.rb:88:in `controller_class_for'
actionpack (6.0.3.2) lib/action_dispatch/http/request.rb:81:in `controller_class'
actionpack (6.0.3.2) lib/action_dispatch/routing/route_set.rb:44:in `controller'
actionpack (6.0.3.2) lib/action_dispatch/routing/route_set.rb:31:in `serve'
actionpack (6.0.3.2) lib/action_dispatch/journey/router.rb:49:in `block in serve'
actionpack (6.0.3.2) lib/action_dispatch/journey/router.rb:32:in `each'
actionpack (6.0.3.2) lib/action_dispatch/journey/router.rb:32:in `serve'
actionpack (6.0.3.2) lib/action_dispatch/routing/route_set.rb:834:in `call'
rack (2.2.3) lib/rack/etag.rb:27:in `call'
rack (2.2.3) lib/rack/conditional_get.rb:40:in `call'
rack (2.2.3) lib/rack/head.rb:12:in `call'
activerecord (6.0.3.2) lib/active_record/migration.rb:567:in `call'
actionpack (6.0.3.2) lib/action_dispatch/middleware/callbacks.rb:27:in `block in call'
activesupport (6.0.3.2) lib/active_support/callbacks.rb:101:in `run_callbacks'
actionpack (6.0.3.2) lib/action_dispatch/middleware/callbacks.rb:26:in `call'
actionpack (6.0.3.2) lib/action_dispatch/middleware/executor.rb:14:in `call'
actionpack (6.0.3.2) lib/action_dispatch/middleware/actionable_exceptions.rb:17:in `call'
actionpack (6.0.3.2) lib/action_dispatch/middleware/debug_exceptions.rb:32:in `call'
actionpack (6.0.3.2) lib/action_dispatch/middleware/show_exceptions.rb:33:in `call'
railties (6.0.3.2) lib/rails/rack/logger.rb:37:in `call_app'
railties (6.0.3.2) lib/rails/rack/logger.rb:26:in `block in call'
activesupport (6.0.3.2) lib/active_support/tagged_logging.rb:80:in `block in tagged'
activesupport (6.0.3.2) lib/active_support/tagged_logging.rb:28:in `tagged'
activesupport (6.0.3.2) lib/active_support/tagged_logging.rb:80:in `tagged'
railties (6.0.3.2) lib/rails/rack/logger.rb:26:in `call'
actionpack (6.0.3.2) lib/action_dispatch/middleware/remote_ip.rb:81:in `call'
actionpack (6.0.3.2) lib/action_dispatch/middleware/request_id.rb:27:in `call'
rack (2.2.3) lib/rack/runtime.rb:22:in `call'
activesupport (6.0.3.2) lib/active_support/cache/strategy/local_cache_middleware.rb:29:in `call'
actionpack (6.0.3.2) lib/action_dispatch/middleware/executor.rb:14:in `call'
actionpack (6.0.3.2) lib/action_dispatch/middleware/static.rb:126:in `call'
rack (2.2.3) lib/rack/sendfile.rb:110:in `call'
actionpack (6.0.3.2) lib/action_dispatch/middleware/host_authorization.rb:82:in `call'
railties (6.0.3.2) lib/rails/engine.rb:527:in `call'
puma (4.3.5) lib/puma/configuration.rb:228:in `call'
puma (4.3.5) lib/puma/server.rb:713:in `handle_request'
puma (4.3.5) lib/puma/server.rb:472:in `process_client'
puma (4.3.5) lib/puma/server.rb:328:in `block in run'
puma (4.3.5) lib/puma/thread_pool.rb:134:in `block in spawn_thread'
Started POST "/users/login" for ::1 at 2020-08-12 21:07:48 -0700
  
ActionController::RoutingError (uninitialized constant UserController
Did you mean?  UsersController):
  
actionpack (6.0.3.2) lib/action_dispatch/http/request.rb:92:in `rescue in controller_class_for'
actionpack (6.0.3.2) lib/action_dispatch/http/request.rb:88:in `controller_class_for'
actionpack (6.0.3.2) lib/action_dispatch/http/request.rb:81:in `controller_class'
actionpack (6.0.3.2) lib/action_dispatch/routing/route_set.rb:44:in `controller'
actionpack (6.0.3.2) lib/action_dispatch/routing/route_set.rb:31:in `serve'
actionpack (6.0.3.2) lib/action_dispatch/journey/router.rb:49:in `block in serve'
actionpack (6.0.3.2) lib/action_dispatch/journey/router.rb:32:in `each'
actionpack (6.0.3.2) lib/action_dispatch/journey/router.rb:32:in `serve'
actionpack (6.0.3.2) lib/action_dispatch/routing/route_set.rb:834:in `call'
rack (2.2.3) lib/rack/etag.rb:27:in `call'
rack (2.2.3) lib/rack/conditional_get.rb:40:in `call'
rack (2.2.3) lib/rack/head.rb:12:in `call'
activerecord (6.0.3.2) lib/active_record/migration.rb:567:in `call'
actionpack (6.0.3.2) lib/action_dispatch/middleware/callbacks.rb:27:in `block in call'
activesupport (6.0.3.2) lib/active_support/callbacks.rb:101:in `run_callbacks'
actionpack (6.0.3.2) lib/action_dispatch/middleware/callbacks.rb:26:in `call'
actionpack (6.0.3.2) lib/action_dispatch/middleware/executor.rb:14:in `call'
actionpack (6.0.3.2) lib/action_dispatch/middleware/actionable_exceptions.rb:17:in `call'
actionpack (6.0.3.2) lib/action_dispatch/middleware/debug_exceptions.rb:32:in `call'
actionpack (6.0.3.2) lib/action_dispatch/middleware/show_exceptions.rb:33:in `call'
railties (6.0.3.2) lib/rails/rack/logger.rb:37:in `call_app'
railties (6.0.3.2) lib/rails/rack/logger.rb:26:in `block in call'
activesupport (6.0.3.2) lib/active_support/tagged_logging.rb:80:in `block in tagged'
activesupport (6.0.3.2) lib/active_support/tagged_logging.rb:28:in `tagged'
activesupport (6.0.3.2) lib/active_support/tagged_logging.rb:80:in `tagged'
railties (6.0.3.2) lib/rails/rack/logger.rb:26:in `call'
actionpack (6.0.3.2) lib/action_dispatch/middleware/remote_ip.rb:81:in `call'
actionpack (6.0.3.2) lib/action_dispatch/middleware/request_id.rb:27:in `call'
rack (2.2.3) lib/rack/runtime.rb:22:in `call'
activesupport (6.0.3.2) lib/active_support/cache/strategy/local_cache_middleware.rb:29:in `call'
actionpack (6.0.3.2) lib/action_dispatch/middleware/executor.rb:14:in `call'
actionpack (6.0.3.2) lib/action_dispatch/middleware/static.rb:126:in `call'
rack (2.2.3) lib/rack/sendfile.rb:110:in `call'
actionpack (6.0.3.2) lib/action_dispatch/middleware/host_authorization.rb:82:in `call'
railties (6.0.3.2) lib/rails/engine.rb:527:in `call'
puma (4.3.5) lib/puma/configuration.rb:228:in `call'
puma (4.3.5) lib/puma/server.rb:713:in `handle_request'
puma (4.3.5) lib/puma/server.rb:472:in `process_client'
puma (4.3.5) lib/puma/server.rb:328:in `block in run'
puma (4.3.5) lib/puma/thread_pool.rb:134:in `block in spawn_thread'
Started POST "/users/login" for ::1 at 2020-08-12 21:08:52 -0700
Processing by UsersController#login as */*
  Parameters: {"user"=>{"username"=>"Peter", "password"=>"[FILTERED]"}}
  [1m[36mUser Load (0.3ms)[0m  [1m[34mSELECT "users".* FROM "users" WHERE "users"."username" = $1 LIMIT $2[0m  [["username", "Peter"], ["LIMIT", 1]]
  ↳ app/controllers/users_controller.rb:5:in `login'
Completed 200 OK in 243ms (Views: 0.4ms | ActiveRecord: 4.9ms | Allocations: 5730)


Started POST "/users/login" for ::1 at 2020-08-12 21:09:22 -0700
Processing by UsersController#login as */*
  Parameters: {"user"=>{"username"=>"Peter", "password"=>"[FILTERED]"}}
  [1m[36mUser Load (0.3ms)[0m  [1m[34mSELECT "users".* FROM "users" WHERE "users"."username" = $1 LIMIT $2[0m  [["username", "Peter"], ["LIMIT", 1]]
  ↳ app/controllers/users_controller.rb:5:in `login'
Completed 200 OK in 227ms (Views: 0.3ms | ActiveRecord: 0.3ms | Allocations: 860)


Started POST "/users/login" for ::1 at 2020-08-12 21:09:37 -0700
Processing by UsersController#login as */*
  Parameters: {"user"=>{"username"=>"Peter", "password"=>"[FILTERED]"}}
  [1m[36mUser Load (0.3ms)[0m  [1m[34mSELECT "users".* FROM "users" WHERE "users"."username" = $1 LIMIT $2[0m  [["username", "Peter"], ["LIMIT", 1]]
  ↳ app/controllers/users_controller.rb:5:in `login'
Completed 200 OK in 228ms (Views: 0.4ms | ActiveRecord: 0.3ms | Allocations: 861)


Started GET "/users/login" for ::1 at 2020-08-12 21:09:44 -0700
Processing by UsersController#show as */*
  Parameters: {"user"=>{"username"=>"Peter", "password"=>"[FILTERED]"}, "id"=>"login"}
  [1m[36mUser Load (0.3ms)[0m  [1m[34mSELECT "users".* FROM "users" WHERE "users"."id" = $1 LIMIT $2[0m  [["id", nil], ["LIMIT", 1]]
  ↳ app/controllers/users_controller.rb:54:in `set_user'
Completed 404 Not Found in 3ms (ActiveRecord: 0.3ms | Allocations: 780)


  
ActiveRecord::RecordNotFound (Couldn't find User with 'id'=login):
  
app/controllers/users_controller.rb:54:in `set_user'
Started GET "/users/login" for ::1 at 2020-08-12 21:09:52 -0700
Processing by UsersController#show as */*
  Parameters: {"user"=>{"username"=>"Peter", "password"=>"[FILTERED]"}, "id"=>"login"}
  [1m[36mUser Load (0.2ms)[0m  [1m[34mSELECT "users".* FROM "users" WHERE "users"."id" = $1 LIMIT $2[0m  [["id", nil], ["LIMIT", 1]]
  ↳ app/controllers/users_controller.rb:54:in `set_user'
Completed 404 Not Found in 1ms (ActiveRecord: 0.2ms | Allocations: 645)


  
ActiveRecord::RecordNotFound (Couldn't find User with 'id'=login):
  
app/controllers/users_controller.rb:54:in `set_user'
Started POST "/users/login" for ::1 at 2020-08-12 21:10:00 -0700
Processing by UsersController#login as */*
  Parameters: {"user"=>{"username"=>"Peter", "password"=>"[FILTERED]"}}
  [1m[36mUser Load (0.5ms)[0m  [1m[34mSELECT "users".* FROM "users" WHERE "users"."username" = $1 LIMIT $2[0m  [["username", "Peter"], ["LIMIT", 1]]
  ↳ app/controllers/users_controller.rb:5:in `login'
Completed 200 OK in 233ms (Views: 0.4ms | ActiveRecord: 0.5ms | Allocations: 846)


Started GET "/users" for ::1 at 2020-08-12 21:10:12 -0700
Processing by UsersController#index as HTML
  [1m[36mUser Load (0.5ms)[0m  [1m[34mSELECT "users".* FROM "users"[0m
  ↳ app/controllers/users_controller.rb:18:in `index'
Completed 200 OK in 3ms (Views: 1.9ms | ActiveRecord: 0.5ms | Allocations: 973)


Started GET "/users" for ::1 at 2020-08-12 21:10:14 -0700
Processing by UsersController#index as HTML
  [1m[36mUser Load (0.6ms)[0m  [1m[34mSELECT "users".* FROM "users"[0m
  ↳ app/controllers/users_controller.rb:18:in `index'
Completed 200 OK in 4ms (Views: 2.6ms | ActiveRecord: 0.6ms | Allocations: 971)


Started GET "/users" for ::1 at 2020-08-12 21:10:17 -0700
Processing by UsersController#index as HTML
  [1m[36mUser Load (0.8ms)[0m  [1m[34mSELECT "users".* FROM "users"[0m
  ↳ app/controllers/users_controller.rb:18:in `index'
Completed 200 OK in 4ms (Views: 2.5ms | ActiveRecord: 0.8ms | Allocations: 971)


Started POST "/users/login" for ::1 at 2020-08-12 21:11:06 -0700
Processing by UsersController#login as */*
  Parameters: {"user"=>{"username"=>"bryan", "password"=>"[FILTERED]"}}
  [1m[36mUser Load (0.3ms)[0m  [1m[34mSELECT "users".* FROM "users" WHERE "users"."username" = $1 LIMIT $2[0m  [["username", "bryan"], ["LIMIT", 1]]
  ↳ app/controllers/users_controller.rb:5:in `login'
Completed 200 OK in 1ms (Views: 0.1ms | ActiveRecord: 0.3ms | Allocations: 681)


Started POST "/users/login" for ::1 at 2020-08-12 21:11:16 -0700
Processing by UsersController#login as */*
  Parameters: {"user"=>{"username"=>"Peter", "password"=>"[FILTERED]"}}
  [1m[36mUser Load (0.4ms)[0m  [1m[34mSELECT "users".* FROM "users" WHERE "users"."username" = $1 LIMIT $2[0m  [["username", "Peter"], ["LIMIT", 1]]
  ↳ app/controllers/users_controller.rb:5:in `login'
Completed 200 OK in 230ms (Views: 0.3ms | ActiveRecord: 0.4ms | Allocations: 845)


Started POST "/users/login" for ::1 at 2020-08-12 21:14:01 -0700
Processing by UsersController#login as */*
  Parameters: {"user"=>{"username"=>"Peter", "password"=>"[FILTERED]"}}
  [1m[36mUser Load (0.3ms)[0m  [1m[34mSELECT "users".* FROM "users" WHERE "users"."username" = $1 LIMIT $2[0m  [["username", "Peter"], ["LIMIT", 1]]
  ↳ app/controllers/users_controller.rb:5:in `login'
Completed 200 OK in 229ms (Views: 0.4ms | ActiveRecord: 0.3ms | Allocations: 846)


Started POST "/users/login" for ::1 at 2020-08-12 21:15:39 -0700
Processing by UsersController#login as */*
  Parameters: {"user"=>{"username"=>"Peter", "password"=>"[FILTERED]"}}
  [1m[36mUser Load (0.3ms)[0m  [1m[34mSELECT "users".* FROM "users" WHERE "users"."username" = $1 LIMIT $2[0m  [["username", "Peter"], ["LIMIT", 1]]
  ↳ app/controllers/users_controller.rb:5:in `login'
Completed 200 OK in 241ms (Views: 0.2ms | ActiveRecord: 5.6ms | Allocations: 5249)


Started POST "/users/login" for ::1 at 2020-08-12 21:15:45 -0700
Processing by UsersController#login as */*
  Parameters: {"user"=>{"username"=>"Peter", "password"=>"[FILTERED]"}}
  [1m[36mUser Load (0.3ms)[0m  [1m[34mSELECT "users".* FROM "users" WHERE "users"."username" = $1 LIMIT $2[0m  [["username", "Peter"], ["LIMIT", 1]]
  ↳ app/controllers/users_controller.rb:5:in `login'
Completed 200 OK in 228ms (Views: 0.3ms | ActiveRecord: 0.3ms | Allocations: 849)


Started POST "/users/login" for ::1 at 2020-08-12 23:07:08 -0700
  [1m[35m (1.8ms)[0m  [1m[34mSELECT "schema_migrations"."version" FROM "schema_migrations" ORDER BY "schema_migrations"."version" ASC[0m
Processing by UsersController#login as */*
  Parameters: {"user"=>{"username"=>"Peter", "password"=>"[FILTERED]"}}
  [1m[36mUser Load (0.7ms)[0m  [1m[34mSELECT "users".* FROM "users" WHERE "users"."username" = $1 LIMIT $2[0m  [["username", "Peter"], ["LIMIT", 1]]
  ↳ app/controllers/users_controller.rb:5:in `login'
Completed 200 OK in 254ms (Views: 0.6ms | ActiveRecord: 10.3ms | Allocations: 6305)


Started GET "/users" for ::1 at 2020-08-12 23:09:03 -0700
Processing by UsersController#index as HTML
  [1m[36mUser Load (0.4ms)[0m  [1m[34mSELECT "users".* FROM "users"[0m
  ↳ app/controllers/users_controller.rb:20:in `index'
Completed 200 OK in 15ms (Views: 6.9ms | ActiveRecord: 5.8ms | Allocations: 5397)


Started GET "/users" for ::1 at 2020-08-12 23:09:13 -0700
Processing by UsersController#index as HTML
  [1m[36mUser Load (0.7ms)[0m  [1m[34mSELECT "users".* FROM "users"[0m
  ↳ app/controllers/users_controller.rb:20:in `index'
Completed 200 OK in 4ms (Views: 2.7ms | ActiveRecord: 0.7ms | Allocations: 999)


Started POST "/users/login" for ::1 at 2020-08-12 23:12:54 -0700
  [1m[35m (0.8ms)[0m  [1m[34mSELECT "schema_migrations"."version" FROM "schema_migrations" ORDER BY "schema_migrations"."version" ASC[0m
Processing by UsersController#login as */*
  Parameters: {"user"=>{"username"=>"Peter", "password"=>"[FILTERED]"}}
  [1m[36mUser Load (0.5ms)[0m  [1m[34mSELECT "users".* FROM "users" WHERE "users"."username" = $1 LIMIT $2[0m  [["username", "Peter"], ["LIMIT", 1]]
  ↳ app/controllers/users_controller.rb:6:in `login'
Completed 200 OK in 249ms (Views: 0.5ms | ActiveRecord: 7.1ms | Allocations: 6320)


Started GET "/users" for ::1 at 2020-08-12 23:13:16 -0700
Processing by UsersController#index as */*
  Parameters: {"user"=>{"username"=>"Peter", "password"=>"[FILTERED]"}}
Filter chain halted as :authenticate_token rendered or redirected
Completed 200 OK in 0ms (Views: 0.1ms | ActiveRecord: 0.0ms | Allocations: 133)


Started GET "/users" for ::1 at 2020-08-12 23:13:57 -0700
Processing by UsersController#index as */*
  Parameters: {"user"=>{"username"=>"Peter", "password"=>"[FILTERED]"}}
Filter chain halted as :authenticate_token rendered or redirected
Completed 200 OK in 1ms (Views: 0.2ms | ActiveRecord: 0.0ms | Allocations: 126)


Started GET "/users" for ::1 at 2020-08-12 23:14:11 -0700
Processing by UsersController#index as */*
  Parameters: {"user"=>{"username"=>"Peter", "password"=>"[FILTERED]"}}
Filter chain halted as :authenticate_token rendered or redirected
Completed 200 OK in 0ms (Views: 0.1ms | ActiveRecord: 0.0ms | Allocations: 126)


Started GET "/users" for ::1 at 2020-08-12 23:16:05 -0700
Processing by UsersController#index as */*
  Parameters: {"user"=>{"username"=>"Peter", "password"=>"[FILTERED]"}}
Filter chain halted as :authenticate_token rendered or redirected
Completed 200 OK in 1ms (Views: 0.3ms | ActiveRecord: 0.0ms | Allocations: 174)


Started GET "/users" for ::1 at 2020-08-12 23:16:35 -0700
  [1m[35m (1.0ms)[0m  [1m[34mSELECT "schema_migrations"."version" FROM "schema_migrations" ORDER BY "schema_migrations"."version" ASC[0m
Processing by UsersController#index as */*
  Parameters: {"user"=>{"username"=>"Peter", "password"=>"[FILTERED]"}}
Filter chain halted as :authenticate_token rendered or redirected
Completed 200 OK in 2ms (Views: 0.4ms | ActiveRecord: 0.0ms | Allocations: 218)


Started GET "/users" for ::1 at 2020-08-12 23:18:25 -0700
Processing by UsersController#index as */*
  Parameters: {"user"=>{"username"=>"Peter", "password"=>"[FILTERED]"}}
Filter chain halted as :authenticate_token rendered or redirected
Completed 200 OK in 0ms (Views: 0.1ms | ActiveRecord: 0.0ms | Allocations: 178)


Started GET "/users" for ::1 at 2020-08-12 23:18:39 -0700
  [1m[35m (0.7ms)[0m  [1m[34mSELECT "schema_migrations"."version" FROM "schema_migrations" ORDER BY "schema_migrations"."version" ASC[0m
Processing by UsersController#index as */*
  Parameters: {"user"=>{"username"=>"Peter", "password"=>"[FILTERED]"}}
Filter chain halted as :authenticate_token rendered or redirected
Completed 200 OK in 0ms (Views: 0.2ms | ActiveRecord: 0.0ms | Allocations: 222)


Started GET "/users" for ::1 at 2020-08-12 23:19:56 -0700
Processing by UsersController#index as */*
  Parameters: {"user"=>{"username"=>"Peter", "password"=>"[FILTERED]"}}
Filter chain halted as :authenticate_token rendered or redirected
Completed 200 OK in 1ms (Views: 0.2ms | ActiveRecord: 0.0ms | Allocations: 375)


Started GET "/users" for ::1 at 2020-08-12 23:21:34 -0700
  [1m[35m (0.9ms)[0m  [1m[34mSELECT "schema_migrations"."version" FROM "schema_migrations" ORDER BY "schema_migrations"."version" ASC[0m
Processing by UsersController#index as */*
  Parameters: {"user"=>{"username"=>"Peter", "password"=>"[FILTERED]"}}
  [1m[36mUser Load (1.6ms)[0m  [1m[34mSELECT "users".* FROM "users"[0m
  ↳ app/controllers/users_controller.rb:20:in `index'
Completed 200 OK in 22ms (Views: 9.5ms | ActiveRecord: 8.1ms | Allocations: 5993)


Started GET "/users/1" for ::1 at 2020-08-12 23:25:42 -0700
Processing by UsersController#show as */*
  Parameters: {"user"=>{"username"=>"Peter", "password"=>"[FILTERED]"}, "id"=>"1"}
  [1m[36mUser Load (0.5ms)[0m  [1m[34mSELECT "users".* FROM "users" WHERE "users"."id" = $1 LIMIT $2[0m  [["id", 1], ["LIMIT", 1]]
  ↳ app/controllers/users_controller.rb:56:in `set_user'
  [1m[36mUser Load (0.4ms)[0m  [1m[34mSELECT "users".* FROM "users" WHERE "users"."id" = $1 LIMIT $2[0m  [["id", 1], ["LIMIT", 1]]
  ↳ app/controllers/application_controller.rb:22:in `get_current_user'
Completed 200 OK in 16ms (Views: 0.3ms | ActiveRecord: 4.9ms | Allocations: 6419)


  [1m[35m (0.2ms)[0m  [1m[35mBEGIN[0m
  [1m[36mUser Create (0.8ms)[0m  [1m[32mINSERT INTO "users" ("username", "password_digest", "profile_img", "created_at", "updated_at") VALUES ($1, $2, $3, $4, $5) RETURNING "id"[0m  [["username", "Gollum"], ["password_digest", "$2a$12$soAzlBTq05.nWTHYBc6URezloUnsgq6zY8JjEEJn0YhNRujVY0T.m"], ["profile_img", "https://images.unsplash.com/photo-1531259683007-016a7b628fc3?ixlib=rb-1.2.1&ixid=eyJhcHBfaWQiOjEyMDd9&auto=format&fit=crop&w=800&q=60"], ["created_at", "2020-08-13 06:32:49.434143"], ["updated_at", "2020-08-13 06:32:49.434143"]]
  [1m[35m (1.0ms)[0m  [1m[35mCOMMIT[0m
Started POST "/users" for ::1 at 2020-08-12 23:33:36 -0700
  [1m[35m (0.7ms)[0m  [1m[34mSELECT "schema_migrations"."version" FROM "schema_migrations" ORDER BY "schema_migrations"."version" ASC[0m
Processing by UsersController#create as */*
  Parameters: {"user"=>{"username"=>"Gollum", "password"=>"[FILTERED]"}}
[31mUnpermitted parameter: :password[0m
Completed 422 Unprocessable Entity in 27ms (Views: 0.2ms | ActiveRecord: 5.9ms | Allocations: 8612)


Started POST "/users" for ::1 at 2020-08-12 23:34:12 -0700
Processing by UsersController#create as */*
  Parameters: {"user"=>{"username"=>"Gollum", "password"=>"[FILTERED]"}}
[31mUnpermitted parameter: :password[0m
Completed 422 Unprocessable Entity in 2ms (Views: 0.1ms | ActiveRecord: 0.0ms | Allocations: 683)


Started POST "/users" for ::1 at 2020-08-12 23:34:43 -0700
Processing by UsersController#create as */*
  Parameters: {"user"=>{"username"=>"Gollum", "password_digest"=>"[FILTERED]"}}
  [1m[35m (0.2ms)[0m  [1m[35mBEGIN[0m
  ↳ app/controllers/users_controller.rb:33:in `create'
  [1m[36mUser Create (1.0ms)[0m  [1m[32mINSERT INTO "users" ("username", "password_digest", "created_at", "updated_at") VALUES ($1, $2, $3, $4) RETURNING "id"[0m  [["username", "Gollum"], ["password_digest", "Gollum"], ["created_at", "2020-08-13 06:34:43.437341"], ["updated_at", "2020-08-13 06:34:43.437341"]]
  ↳ app/controllers/users_controller.rb:33:in `create'
  [1m[35m (1.0ms)[0m  [1m[35mCOMMIT[0m
  ↳ app/controllers/users_controller.rb:33:in `create'
Completed 201 Created in 7ms (Views: 0.6ms | ActiveRecord: 2.2ms | Allocations: 2729)


Started POST "/users" for ::1 at 2020-08-12 23:35:01 -0700
Processing by UsersController#create as */*
  Parameters: {"user"=>{"username"=>"Peter", "password"=>"[FILTERED]"}}
[31mUnpermitted parameter: :password[0m
Completed 422 Unprocessable Entity in 1ms (Views: 0.1ms | ActiveRecord: 0.0ms | Allocations: 673)


Started POST "/users" for ::1 at 2020-08-12 23:35:48 -0700
  [1m[35m (1.3ms)[0m  [1m[34mSELECT "schema_migrations"."version" FROM "schema_migrations" ORDER BY "schema_migrations"."version" ASC[0m
Processing by UsersController#create as */*
  Parameters: {"user"=>{"username"=>"Peter", "password"=>"[FILTERED]"}}
  [1m[35m (0.2ms)[0m  [1m[35mBEGIN[0m
  ↳ app/controllers/users_controller.rb:33:in `create'
  [1m[36mUser Create (0.9ms)[0m  [1m[32mINSERT INTO "users" ("username", "password_digest", "created_at", "updated_at") VALUES ($1, $2, $3, $4) RETURNING "id"[0m  [["username", "Peter"], ["password_digest", "$2a$12$fpPB6jEYkIDp9wYWZT5QCuIG81z3VHIDOZuetuDrm2fiYXqSbYtba"], ["created_at", "2020-08-13 06:35:49.021194"], ["updated_at", "2020-08-13 06:35:49.021194"]]
  ↳ app/controllers/users_controller.rb:33:in `create'
  [1m[35m (1.0ms)[0m  [1m[35mCOMMIT[0m
  ↳ app/controllers/users_controller.rb:33:in `create'
Completed 201 Created in 256ms (Views: 0.8ms | ActiveRecord: 9.4ms | Allocations: 7779)


Started POST "/users" for ::1 at 2020-08-12 23:36:08 -0700
Processing by UsersController#create as */*
  Parameters: {"user"=>{"username"=>"Gollum", "password"=>"[FILTERED]"}}
  [1m[35m (0.2ms)[0m  [1m[35mBEGIN[0m
  ↳ app/controllers/users_controller.rb:33:in `create'
  [1m[36mUser Create (0.4ms)[0m  [1m[32mINSERT INTO "users" ("username", "password_digest", "created_at", "updated_at") VALUES ($1, $2, $3, $4) RETURNING "id"[0m  [["username", "Gollum"], ["password_digest", "$2a$12$a68MObS2qjeXp/Q1xQxdouAcU0hp4fhCQFfT755wJapxqiBjXMwga"], ["created_at", "2020-08-13 06:36:08.362513"], ["updated_at", "2020-08-13 06:36:08.362513"]]
  ↳ app/controllers/users_controller.rb:33:in `create'
  [1m[35m (0.6ms)[0m  [1m[35mCOMMIT[0m
  ↳ app/controllers/users_controller.rb:33:in `create'
Completed 201 Created in 230ms (Views: 0.5ms | ActiveRecord: 1.2ms | Allocations: 2608)


Started GET "/users/5" for ::1 at 2020-08-12 23:36:58 -0700
Processing by UsersController#show as */*
  Parameters: {"user"=>{"username"=>"Gollum", "password"=>"[FILTERED]"}, "id"=>"5"}
  [1m[36mUser Load (0.4ms)[0m  [1m[34mSELECT "users".* FROM "users" WHERE "users"."id" = $1 LIMIT $2[0m  [["id", 5], ["LIMIT", 1]]
  ↳ app/controllers/users_controller.rb:57:in `set_user'
Completed 200 OK in 10ms (Views: 0.3ms | ActiveRecord: 0.6ms | Allocations: 2571)


Started GET "/users/1" for ::1 at 2020-08-12 23:37:00 -0700
Processing by UsersController#show as */*
  Parameters: {"user"=>{"username"=>"Gollum", "password"=>"[FILTERED]"}, "id"=>"1"}
  [1m[36mUser Load (0.5ms)[0m  [1m[34mSELECT "users".* FROM "users" WHERE "users"."id" = $1 LIMIT $2[0m  [["id", 1], ["LIMIT", 1]]
  ↳ app/controllers/users_controller.rb:57:in `set_user'
Completed 200 OK in 3ms (Views: 0.4ms | ActiveRecord: 0.5ms | Allocations: 916)


Started GET "/users/1" for ::1 at 2020-08-12 23:37:44 -0700
Processing by UsersController#show as */*
  Parameters: {"user"=>{"username"=>"Gollum", "password"=>"[FILTERED]"}, "id"=>"1"}
  [1m[36mUser Load (0.5ms)[0m  [1m[34mSELECT "users".* FROM "users" WHERE "users"."id" = $1 LIMIT $2[0m  [["id", 1], ["LIMIT", 1]]
  ↳ app/controllers/users_controller.rb:57:in `set_user'
Completed 200 OK in 2ms (Views: 0.3ms | ActiveRecord: 0.5ms | Allocations: 916)


